<?xml version="1.0" encoding="UTF-8"?>
<!-- Generated by org.testng.reporters.JUnitReportReporter -->
<testsuite hostname="DESKTOP-SP53NB9" failures="0" tests="1" name="leafGround.WindowHandles" time="11.110" errors="0" timestamp="2022-02-06T20:13:47 IST" skipped="0">
  <testcase classname="leafGround.WindowHandles" name="OpenWindow" time="11.110"/>
  <system-out/>
</testsuite> <!-- leafGround.WindowHandles -->
