<?xml version="1.0" encoding="UTF-8"?>
<!-- Generated by org.testng.reporters.JUnitReportReporter -->
<testsuite hostname="DESKTOP-2ERBK47" failures="0" tests="2" name="leafGround.waitSyntax" time="29.940" errors="0" timestamp="2021-12-13T20:56:43 IST" skipped="0">
  <testcase classname="leafGround.waitSyntax" name="implicitlyWait" time="7.834"/>
  <system-out/>
  <testcase classname="leafGround.waitSyntax" name="SyncExplicitWaitCheck" time="22.106"/>
  <system-out/>
</testsuite> <!-- leafGround.waitSyntax -->
