<?xml version="1.0" encoding="UTF-8"?>
<!-- Generated by org.testng.reporters.JUnitReportReporter -->
<testsuite hostname="DESKTOP-2ERBK47" failures="0" tests="2" name="testDataHandling.TestData" time="0.042" errors="0" timestamp="2021-12-22T13:21:15 IST" skipped="0">
  <testcase classname="testDataHandling.TestData" name="showData" time="0.027"/>
  <system-out/>
  <testcase classname="testDataHandling.TestData" name="showData" time="0.015"/>
  <system-out/>
</testsuite> <!-- testDataHandling.TestData -->
