<?xml version="1.0" encoding="UTF-8"?>
<!-- Generated by org.testng.reporters.JUnitReportReporter -->
<testsuite hostname="DESKTOP-2ERBK47" failures="0" tests="1" name="leafGround.WindowHandles" time="29.575" errors="0" timestamp="2021-12-14T13:46:46 IST" skipped="0">
  <testcase classname="leafGround.WindowHandles" name="OpenWindow" time="29.575"/>
  <system-out/>
</testsuite> <!-- leafGround.WindowHandles -->
