<?xml version="1.0" encoding="UTF-8"?>
<!-- Generated by org.testng.reporters.JUnitReportReporter -->
<testsuite hostname="DESKTOP-2ERBK47" failures="0" tests="1" name="leafGround.waitSyntax" time="10.803" errors="0" timestamp="2021-12-12T19:26:51 IST" skipped="0">
  <testcase classname="leafGround.waitSyntax" name="implicitlyWait" time="10.803"/>
  <system-out/>
</testsuite> <!-- leafGround.waitSyntax -->
