<?xml version="1.0" encoding="UTF-8"?>
<!-- Generated by org.testng.reporters.JUnitReportReporter -->
<testsuite hostname="DESKTOP-2ERBK47" failures="0" tests="1" name="leafGround.waitSyntax" time="19.521" errors="0" timestamp="2021-12-16T15:41:43 IST" skipped="0">
  <testcase classname="leafGround.waitSyntax" name="SyncExplicitWaitCheck" time="19.521"/>
  <system-out/>
</testsuite> <!-- leafGround.waitSyntax -->
