<?xml version="1.0" encoding="UTF-8"?>
<!-- Generated by org.testng.reporters.JUnitReportReporter -->
<testsuite hostname="DESKTOP-2ERBK47" failures="0" tests="1" name="leafGround.WindowHandles" time="9.458" errors="0" timestamp="2021-12-07T13:42:49 IST" skipped="0">
  <testcase classname="leafGround.WindowHandles" name="openMultipleWindow" time="9.458"/>
  <system-out/>
</testsuite> <!-- leafGround.WindowHandles -->
